<?xml version="1.0" encoding="UTF-8" standalone="yes"?><!DOCTYPE report PUBLIC "-//JACOCO//DTD Report 1.1//EN" "report.dtd"><report name="PracticaLab1Mantenimiento"><sessioninfo id="PC-RocioGM-ff739846" start="1676372909647" dump="1676372911106"/><sessioninfo id="PC-RocioGM-a2fe75e" start="1676374121965" dump="1676374123464"/><sessioninfo id="PC-RocioGM-46516044" start="1676567769749" dump="1676567770346"/><sessioninfo id="PC-RocioGM-fa3c7854" start="1676567823657" dump="1676567824256"/><sessioninfo id="PC-RocioGM-a9b1ea82" start="1676567995376" dump="1676567995974"/><sessioninfo id="PC-RocioGM-438706e3" start="1676568114708" dump="1676568115284"/><sessioninfo id="PC-RocioGM-afc6be16" start="1676568250107" dump="1676568250689"/><sessioninfo id="PC-RocioGM-746a0bdd" start="1676569114939" dump="1676569115532"/><sessioninfo id="PC-RocioGM-396c88bb" start="1676569167732" dump="1676569168311"/><sessioninfo id="PC-RocioGM-8ef49eb1" start="1676569411908" dump="1676569412523"/><sessioninfo id="PC-RocioGM-f954dd82" start="1676569483959" dump="1676569484545"/><sessioninfo id="PC-RocioGM-18e70d04" start="1676569886620" dump="1676569887232"/><sessioninfo id="PC-RocioGM-d8a92fb2" start="1676569954200" dump="1676569954786"/><sessioninfo id="PC-RocioGM-7e7bf146" start="1676632136357" dump="1676632137008"/><sessioninfo id="PC-RocioGM-5b3b5c3f" start="1676632218415" dump="1676632219104"/><package name="org/example"><class name="org/example/Triangle$TriangleType" sourcefilename="Triangle.java"><method name="&lt;clinit&gt;" desc="()V" line="16"><counter type="INSTRUCTION" missed="0" covered="21"/><counter type="LINE" missed="0" covered="4"/><counter type="COMPLEXITY" missed="0" covered="1"/><counter type="METHOD" missed="0" covered="1"/></method><counter type="INSTRUCTION" missed="0" covered="21"/><counter type="LINE" missed="0" covered="4"/><counter type="COMPLEXITY" missed="0" covered="1"/><counter type="METHOD" missed="0" covered="1"/><counter type="CLASS" missed="0" covered="1"/></class><class name="org/example/Triangle" sourcefilename="Triangle.java"><method name="&lt;init&gt;" desc="()V" line="14"><counter type="INSTRUCTION" missed="0" covered="3"/><counter type="LINE" missed="0" covered="1"/><counter type="COMPLEXITY" missed="0" covered="1"/><counter type="METHOD" missed="0" covered="1"/></method><method name="getType" desc="(DDD)Lorg/example/Triangle$TriangleType;" line="27"><counter type="INSTRUCTION" missed="0" covered="88"/><counter type="BRANCH" missed="0" covered="26"/><counter type="LINE" missed="0" covered="16"/><counter type="COMPLEXITY" missed="0" covered="14"/><counter type="METHOD" missed="0" covered="1"/></method><counter type="INSTRUCTION" missed="0" covered="91"/><counter type="BRANCH" missed="0" covered="26"/><counter type="LINE" missed="0" covered="17"/><counter type="COMPLEXITY" missed="0" covered="15"/><counter type="METHOD" missed="0" covered="2"/><counter type="CLASS" missed="0" covered="1"/></class><sourcefile name="Triangle.java"><line nr="14" mi="0" ci="3" mb="0" cb="0"/><line nr="16" mi="0" ci="3" mb="0" cb="0"/><line nr="17" mi="0" ci="6" mb="0" cb="0"/><line nr="18" mi="0" ci="6" mb="0" cb="0"/><line nr="19" mi="0" ci="6" mb="0" cb="0"/><line nr="27" mi="0" ci="12" mb="0" cb="6"/><line nr="28" mi="0" ci="5" mb="0" cb="0"/><line nr="30" mi="0" ci="12" mb="0" cb="6"/><line nr="31" mi="0" ci="5" mb="0" cb="0"/><line nr="33" mi="0" ci="18" mb="0" cb="6"/><line nr="34" mi="0" ci="5" mb="0" cb="0"/><line nr="36" mi="0" ci="4" mb="0" cb="2"/><line nr="37" mi="0" ci="4" mb="0" cb="2"/><line nr="38" mi="0" ci="3" mb="0" cb="0"/><line nr="40" mi="0" ci="3" mb="0" cb="0"/><line nr="43" mi="0" ci="4" mb="0" cb="2"/><line nr="44" mi="0" ci="4" mb="0" cb="2"/><line nr="45" mi="0" ci="3" mb="0" cb="0"/><line nr="47" mi="0" ci="2" mb="0" cb="0"/><line nr="50" mi="0" ci="2" mb="0" cb="0"/><line nr="77" mi="0" ci="2" mb="0" cb="0"/><counter type="INSTRUCTION" missed="0" covered="112"/><counter type="BRANCH" missed="0" covered="26"/><counter type="LINE" missed="0" covered="21"/><counter type="COMPLEXITY" missed="0" covered="16"/><counter type="METHOD" missed="0" covered="3"/><counter type="CLASS" missed="0" covered="2"/></sourcefile><counter type="INSTRUCTION" missed="0" covered="112"/><counter type="BRANCH" missed="0" covered="26"/><counter type="LINE" missed="0" covered="21"/><counter type="COMPLEXITY" missed="0" covered="16"/><counter type="METHOD" missed="0" covered="3"/><counter type="CLASS" missed="0" covered="2"/></package><counter type="INSTRUCTION" missed="0" covered="112"/><counter type="BRANCH" missed="0" covered="26"/><counter type="LINE" missed="0" covered="21"/><counter type="COMPLEXITY" missed="0" covered="16"/><counter type="METHOD" missed="0" covered="3"/><counter type="CLASS" missed="0" covered="2"/></report>