<?xml version="1.0" encoding="UTF-8"?>
<testsuite xmlns:xsi="http://www.w3.org/2001/XMLSchema-instance" xsi:noNamespaceSchemaLocation="https://maven.apache.org/surefire/maven-surefire-plugin/xsd/surefire-test-report.xsd" name="org.example.DequeNodeTest" time="0.045" tests="11" errors="0" skipped="0" failures="0">
  <properties>
[...]
</properties>
  <testcase name="isInstantiatedWithNew" classname="org.example.DequeNodeTest" time="0.017"/>
  <testcase name="itemCambiado" classname="org.example.DequeNodeTest$cambios" time="0.005"/>
  <testcase name="previoCambiado" classname="org.example.DequeNodeTest$cambios" time="0"/>
  <testcase name="posteriorCambiado" classname="org.example.DequeNodeTest$cambios" time="0"/>
  <testcase name="noEsTerminalNodoTienePrevio" classname="org.example.DequeNodeTest$WhenNew" time="0.001"/>
  <testcase name="noTieneSiguiente" classname="org.example.DequeNodeTest$WhenNew" time="0"/>
  <testcase name="noEsTerminalNodo" classname="org.example.DequeNodeTest$WhenNew" time="0.001"/>
  <testcase name="esUltimoNodo" classname="org.example.DequeNodeTest$WhenNew" time="0"/>
  <testcase name="esPrimerNodo" classname="org.example.DequeNodeTest$WhenNew" time="0.001"/>
  <testcase name="noTienePrevio" classname="org.example.DequeNodeTest$WhenNew" time="0"/>
  <testcase name="isEmpty" classname="org.example.DequeNodeTest$WhenNew" time="0"/>
</testsuite>