<?xml version="1.0" encoding="UTF-8"?>
<testsuite xmlns:xsi="http://www.w3.org/2001/XMLSchema-instance" xsi:noNamespaceSchemaLocation="https://maven.apache.org/surefire/maven-surefire-plugin/xsd/surefire-test-report.xsd" name="org.example.TriangleTest" time="0.064" tests="19" errors="0" skipped="0" failures="0">
  <properties>
[...]
</properties>
  <testcase name="PrimerLadoIgualACero" classname="org.example.TriangleTest" time="0.025"/>
  <testcase name="TodosLadosNegativo" classname="org.example.TriangleTest" time="0.001"/>
  <testcase name="SumaDosLadosMenorQueElTercero" classname="org.example.TriangleTest" time="0.001"/>
  <testcase name="SumaDosLadosIgualQueElTercero" classname="org.example.TriangleTest" time="0.001"/>
  <testcase name="SegundoLadoNegativo" classname="org.example.TriangleTest" time="0.001"/>
  <testcase name="SumaDosLadosMenorQueElPrimero" classname="org.example.TriangleTest" time="0.001"/>
  <testcase name="SumaDosLadosIgualQueElPrimero" classname="org.example.TriangleTest" time="0.001"/>
  <testcase name="IsoscelesSiDosUltimosIguales" classname="org.example.TriangleTest" time="0.003"/>
  <testcase name="PrimerLadoNegativo" classname="org.example.TriangleTest" time="0"/>
  <testcase name="IsoscelesSiPrimeroYUltimoIguales" classname="org.example.TriangleTest" time="0"/>
  <testcase name="IsoscelesSiDosPrimerosIguales" classname="org.example.TriangleTest" time="0"/>
  <testcase name="SaleEscalenoTodosLadosDistintos" classname="org.example.TriangleTest" time="0.001"/>
  <testcase name="SaleEquilateroSiSonTresLadosIguales" classname="org.example.TriangleTest" time="0"/>
  <testcase name="SegundoLadoIgualACero" classname="org.example.TriangleTest" time="0"/>
  <testcase name="TercerLadoIgualACero" classname="org.example.TriangleTest" time="0.001"/>
  <testcase name="SumaDosLadosMenorQueElSegundo" classname="org.example.TriangleTest" time="0.002"/>
  <testcase name="SumaDosLadosIgualQueElSegundo" classname="org.example.TriangleTest" time="0.001"/>
  <testcase name="TodosLadosIgualACero" classname="org.example.TriangleTest" time="0.001"/>
  <testcase name="TercerLadoNegativo" classname="org.example.TriangleTest" time="0"/>
</testsuite>